<?xml version="1.0" encoding="UTF-8"?>
<!-- Generated by org.testng.reporters.JUnitReportReporter -->
<testsuite skipped="0" hostname="Veda" name="SecondSampleProg" tests="1" failures="0" timestamp="04 Mar 2021 08:09:40 GMT" time="6.568" errors="0">
  <testcase name="RegisterUsers" time="6.568" classname="SecondSampleProg"/>
</testsuite> <!-- SecondSampleProg -->
